D:\תכנות-זהבי\C-SharpProject\DotNet2026_8133_7439\DalXml\SaleImplementation.cs(72,27): warning CS8613: Nullability of reference types in return type of 'List<Sale> SaleImplementation.ReadAll(Func<Sale, bool>? filter = null)' doesn't match implicitly implemented member 'List<Sale?> Icrud<Sale>.ReadAll(Func<Sale, bool>? filter = null)'. [D:\תכנות-זהבי\C-SharpProject\DotNet2026_8133_7439\DalXml\DalXml.csproj]
D:\תכנות-זהבי\C-SharpProject\DotNet2026_8133_7439\DalXml\CustomerImplementation.cs(79,31): warning CS8613: Nullability of reference types in return type of 'List<Customer> CustomerImplementation.ReadAll(Func<Customer, bool>? filter = null)' doesn't match implicitly implemented member 'List<Customer?> Icrud<Customer>.ReadAll(Func<Customer, bool>? filter = null)'. [D:\תכנות-זהבי\C-SharpProject\DotNet2026_8133_7439\DalXml\DalXml.csproj]
D:\תכנות-זהבי\C-SharpProject\DotNet2026_8133_7439\DalXml\ProductImplementation.cs(106,30): warning CS8613: Nullability of reference types in return type of 'List<Product> ProductImplementation.ReadAll(Func<Product, bool>? filter = null)' doesn't match implicitly implemented member 'List<Product?> Icrud<Product>.ReadAll(Func<Product, bool>? filter = null)'. [D:\תכנות-זהבי\C-SharpProject\DotNet2026_8133_7439\DalXml\DalXml.csproj]
D:\תכנות-זהבי\C-SharpProject\DotNet2026_8133_7439\DalXml\Config.cs(43,46): warning CS8602: Dereference of a possibly null reference. [D:\תכנות-זהבי\C-SharpProject\DotNet2026_8133_7439\DalXml\DalXml.csproj]
D:\תכנות-זהבי\C-SharpProject\DotNet2026_8133_7439\DalXml\Config.cs(44,17): warning CS8602: Dereference of a possibly null reference. [D:\תכנות-זהבי\C-SharpProject\DotNet2026_8133_7439\DalXml\DalXml.csproj]
D:\תכנות-זהבי\C-SharpProject\DotNet2026_8133_7439\DalXml\Config.cs(57,47): warning CS8602: Dereference of a possibly null reference. [D:\תכנות-זהבי\C-SharpProject\DotNet2026_8133_7439\DalXml\DalXml.csproj]
D:\תכנות-זהבי\C-SharpProject\DotNet2026_8133_7439\DalXml\Config.cs(58,17): warning CS8602: Dereference of a possibly null reference. [D:\תכנות-זהבי\C-SharpProject\DotNet2026_8133_7439\DalXml\DalXml.csproj]
D:\תכנות-זהבי\C-SharpProject\DotNet2026_8133_7439\DalXml\SaleImplementation.cs(51,27): error CS0246: The type or namespace name 'DalDoesNotExistException' could not be found (are you missing a using directive or an assembly reference?) [D:\תכנות-זהבי\C-SharpProject\DotNet2026_8133_7439\DalXml\DalXml.csproj]
D:\תכנות-זהבי\C-SharpProject\DotNet2026_8133_7439\DalXml\SaleImplementation.cs(56,17): error CS0117: 'Sale' does not contain a definition for 'id' [D:\תכנות-זהבי\C-SharpProject\DotNet2026_8133_7439\DalXml\DalXml.csproj]
D:\תכנות-זהבי\C-SharpProject\DotNet2026_8133_7439\DalXml\SaleImplementation.cs(57,17): error CS0117: 'Sale' does not contain a definition for 'product_id' [D:\תכנות-זהבי\C-SharpProject\DotNet2026_8133_7439\DalXml\DalXml.csproj]
D:\תכנות-זהבי\C-SharpProject\DotNet2026_8133_7439\DalXml\SaleImplementation.cs(58,17): error CS0117: 'Sale' does not contain a definition for 'amount_to_sale' [D:\תכנות-זהבי\C-SharpProject\DotNet2026_8133_7439\DalXml\DalXml.csproj]
D:\תכנות-זהבי\C-SharpProject\DotNet2026_8133_7439\DalXml\SaleImplementation.cs(59,17): error CS0117: 'Sale' does not contain a definition for 'count_to_sale' [D:\תכנות-זהבי\C-SharpProject\DotNet2026_8133_7439\DalXml\DalXml.csproj]
D:\תכנות-זהבי\C-SharpProject\DotNet2026_8133_7439\DalXml\SaleImplementation.cs(60,17): error CS0117: 'Sale' does not contain a definition for 'to_club' [D:\תכנות-זהבי\C-SharpProject\DotNet2026_8133_7439\DalXml\DalXml.csproj]
D:\תכנות-זהבי\C-SharpProject\DotNet2026_8133_7439\DalXml\SaleImplementation.cs(61,17): error CS0117: 'Sale' does not contain a definition for 'start_date' [D:\תכנות-זהבי\C-SharpProject\DotNet2026_8133_7439\DalXml\DalXml.csproj]
D:\תכנות-זהבי\C-SharpProject\DotNet2026_8133_7439\DalXml\SaleImplementation.cs(62,17): error CS0117: 'Sale' does not contain a definition for 'end_date' [D:\תכנות-זהבי\C-SharpProject\DotNet2026_8133_7439\DalXml\DalXml.csproj]
D:\תכנות-זהבי\C-SharpProject\DotNet2026_8133_7439\DalXml\SaleImplementation.cs(56,32): warning CS8602: Dereference of a possibly null reference. [D:\תכנות-זהבי\C-SharpProject\DotNet2026_8133_7439\DalXml\DalXml.csproj]
D:\תכנות-זהבי\C-SharpProject\DotNet2026_8133_7439\DalXml\SaleImplementation.cs(57,40): warning CS8602: Dereference of a possibly null reference. [D:\תכנות-זהבי\C-SharpProject\DotNet2026_8133_7439\DalXml\DalXml.csproj]
D:\תכנות-זהבי\C-SharpProject\DotNet2026_8133_7439\DalXml\SaleImplementation.cs(58,44): warning CS8602: Dereference of a possibly null reference. [D:\תכנות-זהבי\C-SharpProject\DotNet2026_8133_7439\DalXml\DalXml.csproj]
D:\תכנות-זהבי\C-SharpProject\DotNet2026_8133_7439\DalXml\SaleImplementation.cs(59,43): warning CS8602: Dereference of a possibly null reference. [D:\תכנות-זהבי\C-SharpProject\DotNet2026_8133_7439\DalXml\DalXml.csproj]
D:\תכנות-זהבי\C-SharpProject\DotNet2026_8133_7439\DalXml\SaleImplementation.cs(60,38): warning CS8602: Dereference of a possibly null reference. [D:\תכנות-זהבי\C-SharpProject\DotNet2026_8133_7439\DalXml\DalXml.csproj]
D:\תכנות-זהבי\C-SharpProject\DotNet2026_8133_7439\DalXml\SaleImplementation.cs(61,45): warning CS8602: Dereference of a possibly null reference. [D:\תכנות-זהבי\C-SharpProject\DotNet2026_8133_7439\DalXml\DalXml.csproj]
D:\תכנות-זהבי\C-SharpProject\DotNet2026_8133_7439\DalXml\SaleImplementation.cs(62,43): warning CS8602: Dereference of a possibly null reference. [D:\תכנות-זהבי\C-SharpProject\DotNet2026_8133_7439\DalXml\DalXml.csproj]
D:\תכנות-זהבי\C-SharpProject\DotNet2026_8133_7439\DalXml\CustomerImplementation.cs(56,25): error CS1061: 'Customer' does not contain a definition for 'id' and no accessible extension method 'id' accepting a first argument of type 'Customer' could be found (are you missing a using directive or an assembly reference?) [D:\תכנות-זהבי\C-SharpProject\DotNet2026_8133_7439\DalXml\DalXml.csproj]
D:\תכנות-זהבי\C-SharpProject\DotNet2026_8133_7439\DalXml\ProductImplementation.cs(74,42): error CS0117: 'Product' does not contain a definition for 'id' [D:\תכנות-זהבי\C-SharpProject\DotNet2026_8133_7439\DalXml\DalXml.csproj]
D:\תכנות-זהבי\C-SharpProject\DotNet2026_8133_7439\DalXml\CustomerImplementation.cs(61,62): error CS1061: 'Customer' does not contain a definition for 'id' and no accessible extension method 'id' accepting a first argument of type 'Customer' could be found (are you missing a using directive or an assembly reference?) [D:\תכנות-זהבי\C-SharpProject\DotNet2026_8133_7439\DalXml\DalXml.csproj]
D:\תכנות-זהבי\C-SharpProject\DotNet2026_8133_7439\DalXml\ProductImplementation.cs(81,53): error CS1061: 'Product' does not contain a definition for 'id' and no accessible extension method 'id' accepting a first argument of type 'Product' could be found (are you missing a using directive or an assembly reference?) [D:\תכנות-זהבי\C-SharpProject\DotNet2026_8133_7439\DalXml\DalXml.csproj]
D:\תכנות-זהבי\C-SharpProject\DotNet2026_8133_7439\DalXml\ProductImplementation.cs(84,27): error CS0246: The type or namespace name 'DalDoesNotExistException' could not be found (are you missing a using directive or an assembly reference?) [D:\תכנות-זהבי\C-SharpProject\DotNet2026_8133_7439\DalXml\DalXml.csproj]
D:\תכנות-זהבי\C-SharpProject\DotNet2026_8133_7439\DalXml\CustomerImplementation.cs(71,56): error CS1061: 'Customer' does not contain a definition for 'id' and no accessible extension method 'id' accepting a first argument of type 'Customer' could be found (are you missing a using directive or an assembly reference?) [D:\תכנות-זהבי\C-SharpProject\DotNet2026_8133_7439\DalXml\DalXml.csproj]
D:\תכנות-זהבי\C-SharpProject\DotNet2026_8133_7439\DalXml\SaleImplementation.cs(81,25): error CS0117: 'Sale' does not contain a definition for 'id' [D:\תכנות-זהבי\C-SharpProject\DotNet2026_8133_7439\DalXml\DalXml.csproj]
D:\תכנות-זהבי\C-SharpProject\DotNet2026_8133_7439\DalXml\SaleImplementation.cs(82,25): error CS0117: 'Sale' does not contain a definition for 'product_id' [D:\תכנות-זהבי\C-SharpProject\DotNet2026_8133_7439\DalXml\DalXml.csproj]
D:\תכנות-זהבי\C-SharpProject\DotNet2026_8133_7439\DalXml\SaleImplementation.cs(83,25): error CS0117: 'Sale' does not contain a definition for 'amount_to_sale' [D:\תכנות-זהבי\C-SharpProject\DotNet2026_8133_7439\DalXml\DalXml.csproj]
D:\תכנות-זהבי\C-SharpProject\DotNet2026_8133_7439\DalXml\SaleImplementation.cs(84,25): error CS0117: 'Sale' does not contain a definition for 'count_to_sale' [D:\תכנות-זהבי\C-SharpProject\DotNet2026_8133_7439\DalXml\DalXml.csproj]
D:\תכנות-זהבי\C-SharpProject\DotNet2026_8133_7439\DalXml\SaleImplementation.cs(85,25): error CS0117: 'Sale' does not contain a definition for 'to_club' [D:\תכנות-זהבי\C-SharpProject\DotNet2026_8133_7439\DalXml\DalXml.csproj]
D:\תכנות-זהבי\C-SharpProject\DotNet2026_8133_7439\DalXml\SaleImplementation.cs(86,25): error CS0117: 'Sale' does not contain a definition for 'start_date' [D:\תכנות-זהבי\C-SharpProject\DotNet2026_8133_7439\DalXml\DalXml.csproj]
D:\תכנות-זהבי\C-SharpProject\DotNet2026_8133_7439\DalXml\SaleImplementation.cs(87,25): error CS0117: 'Sale' does not contain a definition for 'end_date' [D:\תכנות-זהבי\C-SharpProject\DotNet2026_8133_7439\DalXml\DalXml.csproj]
D:\תכנות-זהבי\C-SharpProject\DotNet2026_8133_7439\DalXml\SaleImplementation.cs(81,40): warning CS8602: Dereference of a possibly null reference. [D:\תכנות-זהבי\C-SharpProject\DotNet2026_8133_7439\DalXml\DalXml.csproj]
D:\תכנות-זהבי\C-SharpProject\DotNet2026_8133_7439\DalXml\SaleImplementation.cs(82,48): warning CS8602: Dereference of a possibly null reference. [D:\תכנות-זהבי\C-SharpProject\DotNet2026_8133_7439\DalXml\DalXml.csproj]
D:\תכנות-זהבי\C-SharpProject\DotNet2026_8133_7439\DalXml\SaleImplementation.cs(83,52): warning CS8602: Dereference of a possibly null reference. [D:\תכנות-זהבי\C-SharpProject\DotNet2026_8133_7439\DalXml\DalXml.csproj]
D:\תכנות-זהבי\C-SharpProject\DotNet2026_8133_7439\DalXml\SaleImplementation.cs(84,51): warning CS8602: Dereference of a possibly null reference. [D:\תכנות-זהבי\C-SharpProject\DotNet2026_8133_7439\DalXml\DalXml.csproj]
D:\תכנות-זהבי\C-SharpProject\DotNet2026_8133_7439\DalXml\SaleImplementation.cs(85,46): warning CS8602: Dereference of a possibly null reference. [D:\תכנות-זהבי\C-SharpProject\DotNet2026_8133_7439\DalXml\DalXml.csproj]
D:\תכנות-זהבי\C-SharpProject\DotNet2026_8133_7439\DalXml\SaleImplementation.cs(86,53): warning CS8602: Dereference of a possibly null reference. [D:\תכנות-זהבי\C-SharpProject\DotNet2026_8133_7439\DalXml\DalXml.csproj]
D:\תכנות-זהבי\C-SharpProject\DotNet2026_8133_7439\DalXml\SaleImplementation.cs(87,51): warning CS8602: Dereference of a possibly null reference. [D:\תכנות-זהבי\C-SharpProject\DotNet2026_8133_7439\DalXml\DalXml.csproj]
D:\תכנות-זהבי\C-SharpProject\DotNet2026_8133_7439\DalXml\ProductImplementation.cs(92,53): error CS1061: 'Product' does not contain a definition for 'id' and no accessible extension method 'id' accepting a first argument of type 'Product' could be found (are you missing a using directive or an assembly reference?) [D:\תכנות-זהבי\C-SharpProject\DotNet2026_8133_7439\DalXml\DalXml.csproj]
D:\תכנות-זהבי\C-SharpProject\DotNet2026_8133_7439\DalXml\ProductImplementation.cs(95,27): error CS0246: The type or namespace name 'DalDoesNotExistException' could not be found (are you missing a using directive or an assembly reference?) [D:\תכנות-זהבי\C-SharpProject\DotNet2026_8133_7439\DalXml\DalXml.csproj]
D:\תכנות-זהבי\C-SharpProject\DotNet2026_8133_7439\DalXml\CustomerImplementation.cs(76,20): warning CS8603: Possible null reference return. [D:\תכנות-זהבי\C-SharpProject\DotNet2026_8133_7439\DalXml\DalXml.csproj]
D:\תכנות-זהבי\C-SharpProject\DotNet2026_8133_7439\DalXml\SaleImplementation.cs(100,46): error CS1061: 'Sale' does not contain a definition for 'product_id' and no accessible extension method 'product_id' accepting a first argument of type 'Sale' could be found (are you missing a using directive or an assembly reference?) [D:\תכנות-זהבי\C-SharpProject\DotNet2026_8133_7439\DalXml\DalXml.csproj]
D:\תכנות-זהבי\C-SharpProject\DotNet2026_8133_7439\DalXml\SaleImplementation.cs(101,49): error CS1061: 'Sale' does not contain a definition for 'amount_to_sale' and no accessible extension method 'amount_to_sale' accepting a first argument of type 'Sale' could be found (are you missing a using directive or an assembly reference?) [D:\תכנות-זהבי\C-SharpProject\DotNet2026_8133_7439\DalXml\DalXml.csproj]
D:\תכנות-זהבי\C-SharpProject\DotNet2026_8133_7439\DalXml\SaleImplementation.cs(102,48): error CS1061: 'Sale' does not contain a definition for 'count_to_sale' and no accessible extension method 'count_to_sale' accepting a first argument of type 'Sale' could be found (are you missing a using directive or an assembly reference?) [D:\תכנות-זהבי\C-SharpProject\DotNet2026_8133_7439\DalXml\DalXml.csproj]
D:\תכנות-זהבי\C-SharpProject\DotNet2026_8133_7439\DalXml\SaleImplementation.cs(103,43): error CS1061: 'Sale' does not contain a definition for 'to_club' and no accessible extension method 'to_club' accepting a first argument of type 'Sale' could be found (are you missing a using directive or an assembly reference?) [D:\תכנות-זהבי\C-SharpProject\DotNet2026_8133_7439\DalXml\DalXml.csproj]
D:\תכנות-זהבי\C-SharpProject\DotNet2026_8133_7439\DalXml\SaleImplementation.cs(104,46): error CS1061: 'Sale' does not contain a definition for 'start_date' and no accessible extension method 'start_date' accepting a first argument of type 'Sale' could be found (are you missing a using directive or an assembly reference?) [D:\תכנות-זהבי\C-SharpProject\DotNet2026_8133_7439\DalXml\DalXml.csproj]
D:\תכנות-זהבי\C-SharpProject\DotNet2026_8133_7439\DalXml\SaleImplementation.cs(105,44): error CS1061: 'Sale' does not contain a definition for 'end_date' and no accessible extension method 'end_date' accepting a first argument of type 'Sale' could be found (are you missing a using directive or an assembly reference?) [D:\תכנות-זהבי\C-SharpProject\DotNet2026_8133_7439\DalXml\DalXml.csproj]
D:\תכנות-זהבי\C-SharpProject\DotNet2026_8133_7439\DalXml\ProductImplementation.cs(102,28): warning CS8600: Converting null literal or possible null value to non-nullable type. [D:\תכנות-זהבי\C-SharpProject\DotNet2026_8133_7439\DalXml\DalXml.csproj]
D:\תכנות-זהבי\C-SharpProject\DotNet2026_8133_7439\DalXml\ProductImplementation.cs(103,20): warning CS8603: Possible null reference return. [D:\תכנות-זהבי\C-SharpProject\DotNet2026_8133_7439\DalXml\DalXml.csproj]
D:\תכנות-זהבי\C-SharpProject\DotNet2026_8133_7439\DalXml\SaleImplementation.cs(114,27): error CS0246: The type or namespace name 'DalDoesNotExistException' could not be found (are you missing a using directive or an assembly reference?) [D:\תכנות-זהבי\C-SharpProject\DotNet2026_8133_7439\DalXml\DalXml.csproj]
D:\תכנות-זהבי\C-SharpProject\DotNet2026_8133_7439\DalXml\SaleImplementation.cs(113,57): warning CS8602: Dereference of a possibly null reference. [D:\תכנות-זהבי\C-SharpProject\DotNet2026_8133_7439\DalXml\DalXml.csproj]
D:\תכנות-זהבי\C-SharpProject\DotNet2026_8133_7439\DalXml\SaleImplementation.cs(115,54): warning CS8602: Dereference of a possibly null reference. [D:\תכנות-זהבי\C-SharpProject\DotNet2026_8133_7439\DalXml\DalXml.csproj]
D:\תכנות-זהבי\C-SharpProject\DotNet2026_8133_7439\DalXml\CustomerImplementation.cs(88,62): error CS1061: 'Customer' does not contain a definition for 'id' and no accessible extension method 'id' accepting a first argument of type 'Customer' could be found (are you missing a using directive or an assembly reference?) [D:\תכנות-זהבי\C-SharpProject\DotNet2026_8133_7439\DalXml\DalXml.csproj]
D:\תכנות-זהבי\C-SharpProject\DotNet2026_8133_7439\DalXml\CustomerImplementation.cs(88,73): error CS1061: 'Customer' does not contain a definition for 'id' and no accessible extension method 'id' accepting a first argument of type 'Customer' could be found (are you missing a using directive or an assembly reference?) [D:\תכנות-זהבי\C-SharpProject\DotNet2026_8133_7439\DalXml\DalXml.csproj]
D:\תכנות-זהבי\C-SharpProject\DotNet2026_8133_7439\DalXml\ProductImplementation.cs(116,57): error CS1061: 'Product' does not contain a definition for 'id' and no accessible extension method 'id' accepting a first argument of type 'Product' could be found (are you missing a using directive or an assembly reference?) [D:\תכנות-זהבי\C-SharpProject\DotNet2026_8133_7439\DalXml\DalXml.csproj]
D:\תכנות-זהבי\C-SharpProject\DotNet2026_8133_7439\DalXml\ProductImplementation.cs(116,68): error CS1061: 'Product' does not contain a definition for 'id' and no accessible extension method 'id' accepting a first argument of type 'Product' could be found (are you missing a using directive or an assembly reference?) [D:\תכנות-זהבי\C-SharpProject\DotNet2026_8133_7439\DalXml\DalXml.csproj]
D:\תכנות-זהבי\C-SharpProject\DotNet2026_8133_7439\DalXml\ProductImplementation.cs(119,27): error CS0246: The type or namespace name 'DalDoesNotExistException' could not be found (are you missing a using directive or an assembly reference?) [D:\תכנות-זהבי\C-SharpProject\DotNet2026_8133_7439\DalXml\DalXml.csproj]
D:\תכנות-זהבי\C-SharpProject\DotNet2026_8133_7439\DalXml\ProductImplementation.cs(119,93): error CS1061: 'Product' does not contain a definition for 'id' and no accessible extension method 'id' accepting a first argument of type 'Product' could be found (are you missing a using directive or an assembly reference?) [D:\תכנות-זהבי\C-SharpProject\DotNet2026_8133_7439\DalXml\DalXml.csproj]
D:\תכנות-זהבי\C-SharpProject\DotNet2026_8133_7439\DalXml\SaleImplementation.cs(121,25): error CS1061: 'Sale' does not contain a definition for 'id' and no accessible extension method 'id' accepting a first argument of type 'Sale' could be found (are you missing a using directive or an assembly reference?) [D:\תכנות-זהבי\C-SharpProject\DotNet2026_8133_7439\DalXml\DalXml.csproj]
D:\תכנות-זהבי\C-SharpProject\DotNet2026_8133_7439\DalXml\SaleImplementation.cs(123,39): error CS1061: 'Sale' does not contain a definition for 'id' and no accessible extension method 'id' accepting a first argument of type 'Sale' could be found (are you missing a using directive or an assembly reference?) [D:\תכנות-זהבי\C-SharpProject\DotNet2026_8133_7439\DalXml\DalXml.csproj]
D:\תכנות-זהבי\C-SharpProject\DotNet2026_8133_7439\DalXml\SaleImplementation.cs(124,46): error CS1061: 'Sale' does not contain a definition for 'product_id' and no accessible extension method 'product_id' accepting a first argument of type 'Sale' could be found (are you missing a using directive or an assembly reference?) [D:\תכנות-זהבי\C-SharpProject\DotNet2026_8133_7439\DalXml\DalXml.csproj]
D:\תכנות-זהבי\C-SharpProject\DotNet2026_8133_7439\DalXml\SaleImplementation.cs(125,49): error CS1061: 'Sale' does not contain a definition for 'amount_to_sale' and no accessible extension method 'amount_to_sale' accepting a first argument of type 'Sale' could be found (are you missing a using directive or an assembly reference?) [D:\תכנות-זהבי\C-SharpProject\DotNet2026_8133_7439\DalXml\DalXml.csproj]
D:\תכנות-זהבי\C-SharpProject\DotNet2026_8133_7439\DalXml\SaleImplementation.cs(126,48): error CS1061: 'Sale' does not contain a definition for 'count_to_sale' and no accessible extension method 'count_to_sale' accepting a first argument of type 'Sale' could be found (are you missing a using directive or an assembly reference?) [D:\תכנות-זהבי\C-SharpProject\DotNet2026_8133_7439\DalXml\DalXml.csproj]
D:\תכנות-זהבי\C-SharpProject\DotNet2026_8133_7439\DalXml\SaleImplementation.cs(127,43): error CS1061: 'Sale' does not contain a definition for 'to_club' and no accessible extension method 'to_club' accepting a first argument of type 'Sale' could be found (are you missing a using directive or an assembly reference?) [D:\תכנות-זהבי\C-SharpProject\DotNet2026_8133_7439\DalXml\DalXml.csproj]
D:\תכנות-זהבי\C-SharpProject\DotNet2026_8133_7439\DalXml\SaleImplementation.cs(128,46): error CS1061: 'Sale' does not contain a definition for 'start_date' and no accessible extension method 'start_date' accepting a first argument of type 'Sale' could be found (are you missing a using directive or an assembly reference?) [D:\תכנות-זהבי\C-SharpProject\DotNet2026_8133_7439\DalXml\DalXml.csproj]
D:\תכנות-זהבי\C-SharpProject\DotNet2026_8133_7439\DalXml\SaleImplementation.cs(129,44): error CS1061: 'Sale' does not contain a definition for 'end_date' and no accessible extension method 'end_date' accepting a first argument of type 'Sale' could be found (are you missing a using directive or an assembly reference?) [D:\תכנות-זהבי\C-SharpProject\DotNet2026_8133_7439\DalXml\DalXml.csproj]
D:\תכנות-זהבי\C-SharpProject\DotNet2026_8133_7439\DalXml\Config.cs(37,28): warning CS0169: The field 'Config.productId' is never used [D:\תכנות-זהבי\C-SharpProject\DotNet2026_8133_7439\DalXml\DalXml.csproj]
D:\תכנות-זהבי\C-SharpProject\DotNet2026_8133_7439\DalXml\Config.cs(51,28): warning CS0169: The field 'Config.saleId' is never used [D:\תכנות-זהבי\C-SharpProject\DotNet2026_8133_7439\DalXml\DalXml.csproj]

Build FAILED.

D:\תכנות-זהבי\C-SharpProject\DotNet2026_8133_7439\DalXml\SaleImplementation.cs(72,27): warning CS8613: Nullability of reference types in return type of 'List<Sale> SaleImplementation.ReadAll(Func<Sale, bool>? filter = null)' doesn't match implicitly implemented member 'List<Sale?> Icrud<Sale>.ReadAll(Func<Sale, bool>? filter = null)'. [D:\תכנות-זהבי\C-SharpProject\DotNet2026_8133_7439\DalXml\DalXml.csproj]
D:\תכנות-זהבי\C-SharpProject\DotNet2026_8133_7439\DalXml\CustomerImplementation.cs(79,31): warning CS8613: Nullability of reference types in return type of 'List<Customer> CustomerImplementation.ReadAll(Func<Customer, bool>? filter = null)' doesn't match implicitly implemented member 'List<Customer?> Icrud<Customer>.ReadAll(Func<Customer, bool>? filter = null)'. [D:\תכנות-זהבי\C-SharpProject\DotNet2026_8133_7439\DalXml\DalXml.csproj]
D:\תכנות-זהבי\C-SharpProject\DotNet2026_8133_7439\DalXml\ProductImplementation.cs(106,30): warning CS8613: Nullability of reference types in return type of 'List<Product> ProductImplementation.ReadAll(Func<Product, bool>? filter = null)' doesn't match implicitly implemented member 'List<Product?> Icrud<Product>.ReadAll(Func<Product, bool>? filter = null)'. [D:\תכנות-זהבי\C-SharpProject\DotNet2026_8133_7439\DalXml\DalXml.csproj]
D:\תכנות-זהבי\C-SharpProject\DotNet2026_8133_7439\DalXml\Config.cs(43,46): warning CS8602: Dereference of a possibly null reference. [D:\תכנות-זהבי\C-SharpProject\DotNet2026_8133_7439\DalXml\DalXml.csproj]
D:\תכנות-זהבי\C-SharpProject\DotNet2026_8133_7439\DalXml\Config.cs(44,17): warning CS8602: Dereference of a possibly null reference. [D:\תכנות-זהבי\C-SharpProject\DotNet2026_8133_7439\DalXml\DalXml.csproj]
D:\תכנות-זהבי\C-SharpProject\DotNet2026_8133_7439\DalXml\Config.cs(57,47): warning CS8602: Dereference of a possibly null reference. [D:\תכנות-זהבי\C-SharpProject\DotNet2026_8133_7439\DalXml\DalXml.csproj]
D:\תכנות-זהבי\C-SharpProject\DotNet2026_8133_7439\DalXml\Config.cs(58,17): warning CS8602: Dereference of a possibly null reference. [D:\תכנות-זהבי\C-SharpProject\DotNet2026_8133_7439\DalXml\DalXml.csproj]
D:\תכנות-זהבי\C-SharpProject\DotNet2026_8133_7439\DalXml\SaleImplementation.cs(56,32): warning CS8602: Dereference of a possibly null reference. [D:\תכנות-זהבי\C-SharpProject\DotNet2026_8133_7439\DalXml\DalXml.csproj]
D:\תכנות-זהבי\C-SharpProject\DotNet2026_8133_7439\DalXml\SaleImplementation.cs(57,40): warning CS8602: Dereference of a possibly null reference. [D:\תכנות-זהבי\C-SharpProject\DotNet2026_8133_7439\DalXml\DalXml.csproj]
D:\תכנות-זהבי\C-SharpProject\DotNet2026_8133_7439\DalXml\SaleImplementation.cs(58,44): warning CS8602: Dereference of a possibly null reference. [D:\תכנות-זהבי\C-SharpProject\DotNet2026_8133_7439\DalXml\DalXml.csproj]
D:\תכנות-זהבי\C-SharpProject\DotNet2026_8133_7439\DalXml\SaleImplementation.cs(59,43): warning CS8602: Dereference of a possibly null reference. [D:\תכנות-זהבי\C-SharpProject\DotNet2026_8133_7439\DalXml\DalXml.csproj]
D:\תכנות-זהבי\C-SharpProject\DotNet2026_8133_7439\DalXml\SaleImplementation.cs(60,38): warning CS8602: Dereference of a possibly null reference. [D:\תכנות-זהבי\C-SharpProject\DotNet2026_8133_7439\DalXml\DalXml.csproj]
D:\תכנות-זהבי\C-SharpProject\DotNet2026_8133_7439\DalXml\SaleImplementation.cs(61,45): warning CS8602: Dereference of a possibly null reference. [D:\תכנות-זהבי\C-SharpProject\DotNet2026_8133_7439\DalXml\DalXml.csproj]
D:\תכנות-זהבי\C-SharpProject\DotNet2026_8133_7439\DalXml\SaleImplementation.cs(62,43): warning CS8602: Dereference of a possibly null reference. [D:\תכנות-זהבי\C-SharpProject\DotNet2026_8133_7439\DalXml\DalXml.csproj]
D:\תכנות-זהבי\C-SharpProject\DotNet2026_8133_7439\DalXml\SaleImplementation.cs(81,40): warning CS8602: Dereference of a possibly null reference. [D:\תכנות-זהבי\C-SharpProject\DotNet2026_8133_7439\DalXml\DalXml.csproj]
D:\תכנות-זהבי\C-SharpProject\DotNet2026_8133_7439\DalXml\SaleImplementation.cs(82,48): warning CS8602: Dereference of a possibly null reference. [D:\תכנות-זהבי\C-SharpProject\DotNet2026_8133_7439\DalXml\DalXml.csproj]
D:\תכנות-זהבי\C-SharpProject\DotNet2026_8133_7439\DalXml\SaleImplementation.cs(83,52): warning CS8602: Dereference of a possibly null reference. [D:\תכנות-זהבי\C-SharpProject\DotNet2026_8133_7439\DalXml\DalXml.csproj]
D:\תכנות-זהבי\C-SharpProject\DotNet2026_8133_7439\DalXml\SaleImplementation.cs(84,51): warning CS8602: Dereference of a possibly null reference. [D:\תכנות-זהבי\C-SharpProject\DotNet2026_8133_7439\DalXml\DalXml.csproj]
D:\תכנות-זהבי\C-SharpProject\DotNet2026_8133_7439\DalXml\SaleImplementation.cs(85,46): warning CS8602: Dereference of a possibly null reference. [D:\תכנות-זהבי\C-SharpProject\DotNet2026_8133_7439\DalXml\DalXml.csproj]
D:\תכנות-זהבי\C-SharpProject\DotNet2026_8133_7439\DalXml\SaleImplementation.cs(86,53): warning CS8602: Dereference of a possibly null reference. [D:\תכנות-זהבי\C-SharpProject\DotNet2026_8133_7439\DalXml\DalXml.csproj]
D:\תכנות-זהבי\C-SharpProject\DotNet2026_8133_7439\DalXml\SaleImplementation.cs(87,51): warning CS8602: Dereference of a possibly null reference. [D:\תכנות-זהבי\C-SharpProject\DotNet2026_8133_7439\DalXml\DalXml.csproj]
D:\תכנות-זהבי\C-SharpProject\DotNet2026_8133_7439\DalXml\CustomerImplementation.cs(76,20): warning CS8603: Possible null reference return. [D:\תכנות-זהבי\C-SharpProject\DotNet2026_8133_7439\DalXml\DalXml.csproj]
D:\תכנות-זהבי\C-SharpProject\DotNet2026_8133_7439\DalXml\ProductImplementation.cs(102,28): warning CS8600: Converting null literal or possible null value to non-nullable type. [D:\תכנות-זהבי\C-SharpProject\DotNet2026_8133_7439\DalXml\DalXml.csproj]
D:\תכנות-זהבי\C-SharpProject\DotNet2026_8133_7439\DalXml\ProductImplementation.cs(103,20): warning CS8603: Possible null reference return. [D:\תכנות-זהבי\C-SharpProject\DotNet2026_8133_7439\DalXml\DalXml.csproj]
D:\תכנות-זהבי\C-SharpProject\DotNet2026_8133_7439\DalXml\SaleImplementation.cs(113,57): warning CS8602: Dereference of a possibly null reference. [D:\תכנות-זהבי\C-SharpProject\DotNet2026_8133_7439\DalXml\DalXml.csproj]
D:\תכנות-זהבי\C-SharpProject\DotNet2026_8133_7439\DalXml\SaleImplementation.cs(115,54): warning CS8602: Dereference of a possibly null reference. [D:\תכנות-זהבי\C-SharpProject\DotNet2026_8133_7439\DalXml\DalXml.csproj]
D:\תכנות-זהבי\C-SharpProject\DotNet2026_8133_7439\DalXml\Config.cs(37,28): warning CS0169: The field 'Config.productId' is never used [D:\תכנות-זהבי\C-SharpProject\DotNet2026_8133_7439\DalXml\DalXml.csproj]
D:\תכנות-זהבי\C-SharpProject\DotNet2026_8133_7439\DalXml\Config.cs(51,28): warning CS0169: The field 'Config.saleId' is never used [D:\תכנות-זהבי\C-SharpProject\DotNet2026_8133_7439\DalXml\DalXml.csproj]
D:\תכנות-זהבי\C-SharpProject\DotNet2026_8133_7439\DalXml\SaleImplementation.cs(51,27): error CS0246: The type or namespace name 'DalDoesNotExistException' could not be found (are you missing a using directive or an assembly reference?) [D:\תכנות-זהבי\C-SharpProject\DotNet2026_8133_7439\DalXml\DalXml.csproj]
D:\תכנות-זהבי\C-SharpProject\DotNet2026_8133_7439\DalXml\SaleImplementation.cs(56,17): error CS0117: 'Sale' does not contain a definition for 'id' [D:\תכנות-זהבי\C-SharpProject\DotNet2026_8133_7439\DalXml\DalXml.csproj]
D:\תכנות-זהבי\C-SharpProject\DotNet2026_8133_7439\DalXml\SaleImplementation.cs(57,17): error CS0117: 'Sale' does not contain a definition for 'product_id' [D:\תכנות-זהבי\C-SharpProject\DotNet2026_8133_7439\DalXml\DalXml.csproj]
D:\תכנות-זהבי\C-SharpProject\DotNet2026_8133_7439\DalXml\SaleImplementation.cs(58,17): error CS0117: 'Sale' does not contain a definition for 'amount_to_sale' [D:\תכנות-זהבי\C-SharpProject\DotNet2026_8133_7439\DalXml\DalXml.csproj]
D:\תכנות-זהבי\C-SharpProject\DotNet2026_8133_7439\DalXml\SaleImplementation.cs(59,17): error CS0117: 'Sale' does not contain a definition for 'count_to_sale' [D:\תכנות-זהבי\C-SharpProject\DotNet2026_8133_7439\DalXml\DalXml.csproj]
D:\תכנות-זהבי\C-SharpProject\DotNet2026_8133_7439\DalXml\SaleImplementation.cs(60,17): error CS0117: 'Sale' does not contain a definition for 'to_club' [D:\תכנות-זהבי\C-SharpProject\DotNet2026_8133_7439\DalXml\DalXml.csproj]
D:\תכנות-זהבי\C-SharpProject\DotNet2026_8133_7439\DalXml\SaleImplementation.cs(61,17): error CS0117: 'Sale' does not contain a definition for 'start_date' [D:\תכנות-זהבי\C-SharpProject\DotNet2026_8133_7439\DalXml\DalXml.csproj]
D:\תכנות-זהבי\C-SharpProject\DotNet2026_8133_7439\DalXml\SaleImplementation.cs(62,17): error CS0117: 'Sale' does not contain a definition for 'end_date' [D:\תכנות-זהבי\C-SharpProject\DotNet2026_8133_7439\DalXml\DalXml.csproj]
D:\תכנות-זהבי\C-SharpProject\DotNet2026_8133_7439\DalXml\CustomerImplementation.cs(56,25): error CS1061: 'Customer' does not contain a definition for 'id' and no accessible extension method 'id' accepting a first argument of type 'Customer' could be found (are you missing a using directive or an assembly reference?) [D:\תכנות-זהבי\C-SharpProject\DotNet2026_8133_7439\DalXml\DalXml.csproj]
D:\תכנות-זהבי\C-SharpProject\DotNet2026_8133_7439\DalXml\ProductImplementation.cs(74,42): error CS0117: 'Product' does not contain a definition for 'id' [D:\תכנות-זהבי\C-SharpProject\DotNet2026_8133_7439\DalXml\DalXml.csproj]
D:\תכנות-זהבי\C-SharpProject\DotNet2026_8133_7439\DalXml\CustomerImplementation.cs(61,62): error CS1061: 'Customer' does not contain a definition for 'id' and no accessible extension method 'id' accepting a first argument of type 'Customer' could be found (are you missing a using directive or an assembly reference?) [D:\תכנות-זהבי\C-SharpProject\DotNet2026_8133_7439\DalXml\DalXml.csproj]
D:\תכנות-זהבי\C-SharpProject\DotNet2026_8133_7439\DalXml\ProductImplementation.cs(81,53): error CS1061: 'Product' does not contain a definition for 'id' and no accessible extension method 'id' accepting a first argument of type 'Product' could be found (are you missing a using directive or an assembly reference?) [D:\תכנות-זהבי\C-SharpProject\DotNet2026_8133_7439\DalXml\DalXml.csproj]
D:\תכנות-זהבי\C-SharpProject\DotNet2026_8133_7439\DalXml\ProductImplementation.cs(84,27): error CS0246: The type or namespace name 'DalDoesNotExistException' could not be found (are you missing a using directive or an assembly reference?) [D:\תכנות-זהבי\C-SharpProject\DotNet2026_8133_7439\DalXml\DalXml.csproj]
D:\תכנות-זהבי\C-SharpProject\DotNet2026_8133_7439\DalXml\CustomerImplementation.cs(71,56): error CS1061: 'Customer' does not contain a definition for 'id' and no accessible extension method 'id' accepting a first argument of type 'Customer' could be found (are you missing a using directive or an assembly reference?) [D:\תכנות-זהבי\C-SharpProject\DotNet2026_8133_7439\DalXml\DalXml.csproj]
D:\תכנות-זהבי\C-SharpProject\DotNet2026_8133_7439\DalXml\SaleImplementation.cs(81,25): error CS0117: 'Sale' does not contain a definition for 'id' [D:\תכנות-זהבי\C-SharpProject\DotNet2026_8133_7439\DalXml\DalXml.csproj]
D:\תכנות-זהבי\C-SharpProject\DotNet2026_8133_7439\DalXml\SaleImplementation.cs(82,25): error CS0117: 'Sale' does not contain a definition for 'product_id' [D:\תכנות-זהבי\C-SharpProject\DotNet2026_8133_7439\DalXml\DalXml.csproj]
D:\תכנות-זהבי\C-SharpProject\DotNet2026_8133_7439\DalXml\SaleImplementation.cs(83,25): error CS0117: 'Sale' does not contain a definition for 'amount_to_sale' [D:\תכנות-זהבי\C-SharpProject\DotNet2026_8133_7439\DalXml\DalXml.csproj]
D:\תכנות-זהבי\C-SharpProject\DotNet2026_8133_7439\DalXml\SaleImplementation.cs(84,25): error CS0117: 'Sale' does not contain a definition for 'count_to_sale' [D:\תכנות-זהבי\C-SharpProject\DotNet2026_8133_7439\DalXml\DalXml.csproj]
D:\תכנות-זהבי\C-SharpProject\DotNet2026_8133_7439\DalXml\SaleImplementation.cs(85,25): error CS0117: 'Sale' does not contain a definition for 'to_club' [D:\תכנות-זהבי\C-SharpProject\DotNet2026_8133_7439\DalXml\DalXml.csproj]
D:\תכנות-זהבי\C-SharpProject\DotNet2026_8133_7439\DalXml\SaleImplementation.cs(86,25): error CS0117: 'Sale' does not contain a definition for 'start_date' [D:\תכנות-זהבי\C-SharpProject\DotNet2026_8133_7439\DalXml\DalXml.csproj]
D:\תכנות-זהבי\C-SharpProject\DotNet2026_8133_7439\DalXml\SaleImplementation.cs(87,25): error CS0117: 'Sale' does not contain a definition for 'end_date' [D:\תכנות-זהבי\C-SharpProject\DotNet2026_8133_7439\DalXml\DalXml.csproj]
D:\תכנות-זהבי\C-SharpProject\DotNet2026_8133_7439\DalXml\ProductImplementation.cs(92,53): error CS1061: 'Product' does not contain a definition for 'id' and no accessible extension method 'id' accepting a first argument of type 'Product' could be found (are you missing a using directive or an assembly reference?) [D:\תכנות-זהבי\C-SharpProject\DotNet2026_8133_7439\DalXml\DalXml.csproj]
D:\תכנות-זהבי\C-SharpProject\DotNet2026_8133_7439\DalXml\ProductImplementation.cs(95,27): error CS0246: The type or namespace name 'DalDoesNotExistException' could not be found (are you missing a using directive or an assembly reference?) [D:\תכנות-זהבי\C-SharpProject\DotNet2026_8133_7439\DalXml\DalXml.csproj]
D:\תכנות-זהבי\C-SharpProject\DotNet2026_8133_7439\DalXml\SaleImplementation.cs(100,46): error CS1061: 'Sale' does not contain a definition for 'product_id' and no accessible extension method 'product_id' accepting a first argument of type 'Sale' could be found (are you missing a using directive or an assembly reference?) [D:\תכנות-זהבי\C-SharpProject\DotNet2026_8133_7439\DalXml\DalXml.csproj]
D:\תכנות-זהבי\C-SharpProject\DotNet2026_8133_7439\DalXml\SaleImplementation.cs(101,49): error CS1061: 'Sale' does not contain a definition for 'amount_to_sale' and no accessible extension method 'amount_to_sale' accepting a first argument of type 'Sale' could be found (are you missing a using directive or an assembly reference?) [D:\תכנות-זהבי\C-SharpProject\DotNet2026_8133_7439\DalXml\DalXml.csproj]
D:\תכנות-זהבי\C-SharpProject\DotNet2026_8133_7439\DalXml\SaleImplementation.cs(102,48): error CS1061: 'Sale' does not contain a definition for 'count_to_sale' and no accessible extension method 'count_to_sale' accepting a first argument of type 'Sale' could be found (are you missing a using directive or an assembly reference?) [D:\תכנות-זהבי\C-SharpProject\DotNet2026_8133_7439\DalXml\DalXml.csproj]
D:\תכנות-זהבי\C-SharpProject\DotNet2026_8133_7439\DalXml\SaleImplementation.cs(103,43): error CS1061: 'Sale' does not contain a definition for 'to_club' and no accessible extension method 'to_club' accepting a first argument of type 'Sale' could be found (are you missing a using directive or an assembly reference?) [D:\תכנות-זהבי\C-SharpProject\DotNet2026_8133_7439\DalXml\DalXml.csproj]
D:\תכנות-זהבי\C-SharpProject\DotNet2026_8133_7439\DalXml\SaleImplementation.cs(104,46): error CS1061: 'Sale' does not contain a definition for 'start_date' and no accessible extension method 'start_date' accepting a first argument of type 'Sale' could be found (are you missing a using directive or an assembly reference?) [D:\תכנות-זהבי\C-SharpProject\DotNet2026_8133_7439\DalXml\DalXml.csproj]
D:\תכנות-זהבי\C-SharpProject\DotNet2026_8133_7439\DalXml\SaleImplementation.cs(105,44): error CS1061: 'Sale' does not contain a definition for 'end_date' and no accessible extension method 'end_date' accepting a first argument of type 'Sale' could be found (are you missing a using directive or an assembly reference?) [D:\תכנות-זהבי\C-SharpProject\DotNet2026_8133_7439\DalXml\DalXml.csproj]
D:\תכנות-זהבי\C-SharpProject\DotNet2026_8133_7439\DalXml\SaleImplementation.cs(114,27): error CS0246: The type or namespace name 'DalDoesNotExistException' could not be found (are you missing a using directive or an assembly reference?) [D:\תכנות-זהבי\C-SharpProject\DotNet2026_8133_7439\DalXml\DalXml.csproj]
D:\תכנות-זהבי\C-SharpProject\DotNet2026_8133_7439\DalXml\CustomerImplementation.cs(88,62): error CS1061: 'Customer' does not contain a definition for 'id' and no accessible extension method 'id' accepting a first argument of type 'Customer' could be found (are you missing a using directive or an assembly reference?) [D:\תכנות-זהבי\C-SharpProject\DotNet2026_8133_7439\DalXml\DalXml.csproj]
D:\תכנות-זהבי\C-SharpProject\DotNet2026_8133_7439\DalXml\CustomerImplementation.cs(88,73): error CS1061: 'Customer' does not contain a definition for 'id' and no accessible extension method 'id' accepting a first argument of type 'Customer' could be found (are you missing a using directive or an assembly reference?) [D:\תכנות-זהבי\C-SharpProject\DotNet2026_8133_7439\DalXml\DalXml.csproj]
D:\תכנות-זהבי\C-SharpProject\DotNet2026_8133_7439\DalXml\ProductImplementation.cs(116,57): error CS1061: 'Product' does not contain a definition for 'id' and no accessible extension method 'id' accepting a first argument of type 'Product' could be found (are you missing a using directive or an assembly reference?) [D:\תכנות-זהבי\C-SharpProject\DotNet2026_8133_7439\DalXml\DalXml.csproj]
D:\תכנות-זהבי\C-SharpProject\DotNet2026_8133_7439\DalXml\ProductImplementation.cs(116,68): error CS1061: 'Product' does not contain a definition for 'id' and no accessible extension method 'id' accepting a first argument of type 'Product' could be found (are you missing a using directive or an assembly reference?) [D:\תכנות-זהבי\C-SharpProject\DotNet2026_8133_7439\DalXml\DalXml.csproj]
D:\תכנות-זהבי\C-SharpProject\DotNet2026_8133_7439\DalXml\ProductImplementation.cs(119,27): error CS0246: The type or namespace name 'DalDoesNotExistException' could not be found (are you missing a using directive or an assembly reference?) [D:\תכנות-זהבי\C-SharpProject\DotNet2026_8133_7439\DalXml\DalXml.csproj]
D:\תכנות-זהבי\C-SharpProject\DotNet2026_8133_7439\DalXml\ProductImplementation.cs(119,93): error CS1061: 'Product' does not contain a definition for 'id' and no accessible extension method 'id' accepting a first argument of type 'Product' could be found (are you missing a using directive or an assembly reference?) [D:\תכנות-זהבי\C-SharpProject\DotNet2026_8133_7439\DalXml\DalXml.csproj]
D:\תכנות-זהבי\C-SharpProject\DotNet2026_8133_7439\DalXml\SaleImplementation.cs(121,25): error CS1061: 'Sale' does not contain a definition for 'id' and no accessible extension method 'id' accepting a first argument of type 'Sale' could be found (are you missing a using directive or an assembly reference?) [D:\תכנות-זהבי\C-SharpProject\DotNet2026_8133_7439\DalXml\DalXml.csproj]
D:\תכנות-זהבי\C-SharpProject\DotNet2026_8133_7439\DalXml\SaleImplementation.cs(123,39): error CS1061: 'Sale' does not contain a definition for 'id' and no accessible extension method 'id' accepting a first argument of type 'Sale' could be found (are you missing a using directive or an assembly reference?) [D:\תכנות-זהבי\C-SharpProject\DotNet2026_8133_7439\DalXml\DalXml.csproj]
D:\תכנות-זהבי\C-SharpProject\DotNet2026_8133_7439\DalXml\SaleImplementation.cs(124,46): error CS1061: 'Sale' does not contain a definition for 'product_id' and no accessible extension method 'product_id' accepting a first argument of type 'Sale' could be found (are you missing a using directive or an assembly reference?) [D:\תכנות-זהבי\C-SharpProject\DotNet2026_8133_7439\DalXml\DalXml.csproj]
D:\תכנות-זהבי\C-SharpProject\DotNet2026_8133_7439\DalXml\SaleImplementation.cs(125,49): error CS1061: 'Sale' does not contain a definition for 'amount_to_sale' and no accessible extension method 'amount_to_sale' accepting a first argument of type 'Sale' could be found (are you missing a using directive or an assembly reference?) [D:\תכנות-זהבי\C-SharpProject\DotNet2026_8133_7439\DalXml\DalXml.csproj]
D:\תכנות-זהבי\C-SharpProject\DotNet2026_8133_7439\DalXml\SaleImplementation.cs(126,48): error CS1061: 'Sale' does not contain a definition for 'count_to_sale' and no accessible extension method 'count_to_sale' accepting a first argument of type 'Sale' could be found (are you missing a using directive or an assembly reference?) [D:\תכנות-זהבי\C-SharpProject\DotNet2026_8133_7439\DalXml\DalXml.csproj]
D:\תכנות-זהבי\C-SharpProject\DotNet2026_8133_7439\DalXml\SaleImplementation.cs(127,43): error CS1061: 'Sale' does not contain a definition for 'to_club' and no accessible extension method 'to_club' accepting a first argument of type 'Sale' could be found (are you missing a using directive or an assembly reference?) [D:\תכנות-זהבי\C-SharpProject\DotNet2026_8133_7439\DalXml\DalXml.csproj]
D:\תכנות-זהבי\C-SharpProject\DotNet2026_8133_7439\DalXml\SaleImplementation.cs(128,46): error CS1061: 'Sale' does not contain a definition for 'start_date' and no accessible extension method 'start_date' accepting a first argument of type 'Sale' could be found (are you missing a using directive or an assembly reference?) [D:\תכנות-זהבי\C-SharpProject\DotNet2026_8133_7439\DalXml\DalXml.csproj]
D:\תכנות-זהבי\C-SharpProject\DotNet2026_8133_7439\DalXml\SaleImplementation.cs(129,44): error CS1061: 'Sale' does not contain a definition for 'end_date' and no accessible extension method 'end_date' accepting a first argument of type 'Sale' could be found (are you missing a using directive or an assembly reference?) [D:\תכנות-זהבי\C-SharpProject\DotNet2026_8133_7439\DalXml\DalXml.csproj]
    28 Warning(s)
    44 Error(s)

Time Elapsed 00:00:02.41

Workload updates are available. Run `dotnet workload list` for more information.
